Using pre-set license
Built from '2021.2/staging' branch; Version is '2021.2.11f1 (e50cafbb4399) revision 15010991'; Using compiler version '192829333'; Build Type 'Release'
OS: 'Windows 11  (10.0.22000) 64bit Core' Language: 'en' Physical Memory: 16235 MB
BatchMode: 1, IsHumanControllingUs: 0, StartBugReporterOnCrash: 0, Is64bit: 1, IsPro: 0

COMMAND LINE ARGUMENTS:
C:\Program Files\Unity\Hub\Editor\2021.2.11f1\Editor\Unity.exe
-adb2
-batchMode
-noUpm
-name
AssetImportWorker4
-projectPath
D:/Unity/Sea-Research/ReSea ReSearch
-logFile
Logs/AssetImportWorker4.log
-srvPort
49546
Successfully changed project path to: D:/Unity/Sea-Research/ReSea ReSearch
D:/Unity/Sea-Research/ReSea ReSearch
[UnityMemory] Configuration Parameters - Can be set up in boot.config
    "memorysetup-bucket-allocator-granularity=16"
    "memorysetup-bucket-allocator-bucket-count=8"
    "memorysetup-bucket-allocator-block-size=33554432"
    "memorysetup-bucket-allocator-block-count=8"
    "memorysetup-main-allocator-block-size=16777216"
    "memorysetup-thread-allocator-block-size=16777216"
    "memorysetup-gfx-main-allocator-block-size=16777216"
    "memorysetup-gfx-thread-allocator-block-size=16777216"
    "memorysetup-cache-allocator-block-size=4194304"
    "memorysetup-typetree-allocator-block-size=2097152"
    "memorysetup-profiler-bucket-allocator-granularity=16"
    "memorysetup-profiler-bucket-allocator-bucket-count=8"
    "memorysetup-profiler-bucket-allocator-block-size=33554432"
    "memorysetup-profiler-bucket-allocator-block-count=8"
    "memorysetup-profiler-allocator-block-size=16777216"
    "memorysetup-profiler-editor-allocator-block-size=1048576"
    "memorysetup-temp-allocator-size-main=16777216"
    "memorysetup-job-temp-allocator-block-size=2097152"
    "memorysetup-job-temp-allocator-block-size-background=1048576"
    "memorysetup-job-temp-allocator-reduction-small-platforms=262144"
    "memorysetup-temp-allocator-size-background-worker=32768"
    "memorysetup-temp-allocator-size-job-worker=262144"
    "memorysetup-temp-allocator-size-preload-manager=33554432"
    "memorysetup-temp-allocator-size-nav-mesh-worker=65536"
    "memorysetup-temp-allocator-size-audio-worker=65536"
    "memorysetup-temp-allocator-size-cloud-worker=32768"
    "memorysetup-temp-allocator-size-gi-baking-worker=262144"
    "memorysetup-temp-allocator-size-gfx=262144"
Refreshing native plugins compatible for Editor in 212.71 ms, found 4 plugins.
Preloading 0 native plugins for Editor in 0.00 ms.
Initialize engine version: 2021.2.11f1 (e50cafbb4399)
[Subsystems] Discovering subsystems at path C:/Program Files/Unity/Hub/Editor/2021.2.11f1/Editor/Data/Resources/UnitySubsystems
[Subsystems] Discovering subsystems at path D:/Unity/Sea-Research/ReSea ReSearch/Assets
GfxDevice: creating device client; threaded=0; jobified=0
Direct3D:
    Version:  Direct3D 11.0 [level 11.1]
    Renderer: NVIDIA GeForce GTX 1650 (ID=0x1f91)
    Vendor:   NVIDIA
    VRAM:     3962 MB
    Driver:   30.0.14.7212
Initialize mono
Mono path[0] = 'C:/Program Files/Unity/Hub/Editor/2021.2.11f1/Editor/Data/Managed'
Mono path[1] = 'C:/Program Files/Unity/Hub/Editor/2021.2.11f1/Editor/Data/MonoBleedingEdge/lib/mono/unityjit-win32'
Mono config path = 'C:/Program Files/Unity/Hub/Editor/2021.2.11f1/Editor/Data/MonoBleedingEdge/etc'
Using monoOptions --debugger-agent=transport=dt_socket,embedding=1,server=y,suspend=n,address=127.0.0.1:56032
Begin MonoManager ReloadAssembly
Registering precompiled unity dll's ...
Register platform support module: C:/Program Files/Unity/Hub/Editor/2021.2.11f1/Editor/Data/PlaybackEngines/WindowsStandaloneSupport/UnityEditor.WindowsStandalone.Extensions.dll
Registered in 0.008289 seconds.
Native extension for WindowsStandalone target not found
Refreshing native plugins compatible for Editor in 199.96 ms, found 4 plugins.
Preloading 0 native plugins for Editor in 0.00 ms.
Mono: successfully reloaded assembly
- Completed reload, in  1.157 seconds
Domain Reload Profiling:
	ReloadAssembly (1157ms)
		BeginReloadAssembly (132ms)
			ExecutionOrderSort (0ms)
			DisableScriptedObjects (0ms)
			BackupInstance (0ms)
			ReleaseScriptingObjects (0ms)
			CreateAndSetChildDomain (2ms)
		EndReloadAssembly (891ms)
			LoadAssemblies (126ms)
			RebuildTransferFunctionScriptingTraits (0ms)
			SetupTypeCache (186ms)
			ReleaseScriptCaches (0ms)
			RebuildScriptCaches (50ms)
			SetupLoadedEditorAssemblies (563ms)
				LogAssemblyErrors (0ms)
				InitializePlatformSupportModulesInManaged (26ms)
				SetLoadedEditorAssemblies (0ms)
				RefreshPlugins (200ms)
				BeforeProcessingInitializeOnLoad (2ms)
				ProcessInitializeOnLoadAttributes (250ms)
				ProcessInitializeOnLoadMethodAttributes (85ms)
				AfterProcessingInitializeOnLoad (0ms)
				EditorAssembliesLoaded (0ms)
			ExecutionOrderSort2 (0ms)
			AwakeInstancesAfterBackupRestoration (0ms)
Platform modules already initialized, skipping
Registering precompiled user dll's ...
Registered in 0.008400 seconds.
Begin MonoManager ReloadAssembly
Symbol file LoadedFromMemory doesn't match image D:\Unity\Sea-Research\ReSea ReSearch\Library\PackageCache\com.unity.visualscripting@1.7.6\Editor\VisualScripting.Core\Dependencies\YamlDotNet\Unity.VisualScripting.YamlDotNet.dll
Symbol file LoadedFromMemory doesn't match image D:\Unity\Sea-Research\ReSea ReSearch\Library\PackageCache\com.unity.visualscripting@1.7.6\Editor\VisualScripting.Core\Dependencies\DotNetZip\Unity.VisualScripting.IonicZip.dll
Native extension for WindowsStandalone target not found
Refreshing native plugins compatible for Editor in 207.52 ms, found 4 plugins.
Preloading 0 native plugins for Editor in 0.00 ms.
Mono: successfully reloaded assembly
- Completed reload, in  3.195 seconds
Domain Reload Profiling:
	ReloadAssembly (3196ms)
		BeginReloadAssembly (185ms)
			ExecutionOrderSort (0ms)
			DisableScriptedObjects (10ms)
			BackupInstance (0ms)
			ReleaseScriptingObjects (0ms)
			CreateAndSetChildDomain (31ms)
		EndReloadAssembly (2839ms)
			LoadAssemblies (143ms)
			RebuildTransferFunctionScriptingTraits (0ms)
			SetupTypeCache (509ms)
			ReleaseScriptCaches (1ms)
			RebuildScriptCaches (119ms)
			SetupLoadedEditorAssemblies (1989ms)
				LogAssemblyErrors (0ms)
				InitializePlatformSupportModulesInManaged (19ms)
				SetLoadedEditorAssemblies (0ms)
				RefreshPlugins (208ms)
				BeforeProcessingInitializeOnLoad (223ms)
				ProcessInitializeOnLoadAttributes (1370ms)
				ProcessInitializeOnLoadMethodAttributes (155ms)
				AfterProcessingInitializeOnLoad (13ms)
				EditorAssembliesLoaded (0ms)
			ExecutionOrderSort2 (0ms)
			AwakeInstancesAfterBackupRestoration (11ms)
Platform modules already initialized, skipping
========================================================================
Worker process is ready to serve import requests
Launched and connected shader compiler UnityShaderCompiler.exe after 0.13 seconds
Refreshing native plugins compatible for Editor in 1.68 ms, found 4 plugins.
Preloading 0 native plugins for Editor in 0.00 ms.
Unloading 5398 Unused Serialized files (Serialized files now loaded: 0)
Unloading 56 unused Assets / (1.2 MB). Loaded Objects now: 5834.
Memory consumption went from 212.5 MB to 211.3 MB.
Total: 9.080400 ms (FindLiveObjects: 0.888800 ms CreateObjectMapping: 0.852900 ms MarkObjects: 6.650900 ms  DeleteObjects: 0.685800 ms)

AssetImportParameters requested are different than current active one (requested -> active):
  custom:video-decoder-ogg-theora: a1e56fd34408186e4bbccfd4996cb3dc -> 
  custom:container-muxer-webm: aa71ff27fc2769a1b78a27578f13a17b -> 
  custom:container-demuxer-webm: 4f35f7cbe854078d1ac9338744f61a02 -> 
  custom:video-encoder-webm-vp8: eb34c28f22e8b96e1ab97ce403110664 -> 
  custom:video-codec-MediaFoundation-h265: 746d11721c4dcdbdad8f713fa42b33f4 -> 
  custom:audio-encoder-webm-vorbis: bf7c407c2cedff20999df2af8eb42d56 -> 
  custom:framework-win-MediaFoundation: 216162199b28c13a410421893ffa2e32 -> 
  custom:SearchIndexIgnoredProperties: e643bd26f0fe6173181afceb89e7c659 -> 
  custom:container-demuxer-ogg: 62fdf1f143b41e24485cea50d1cbac27 -> 
  custom:video-decoder-webm-vp8: 9c59270c3fd7afecdb556c50c9e8de78 -> 
  custom:audio-decoder-ogg-vorbis: bf7c407c2cedff20999df2af8eb42d56 -> 
========================================================================
Received Import Request.
  Time since last request: 347626.771132 seconds.
  path: Assets/Prefabs/Dialogue.prefab
  artifactKey: Guid(b888084326f7f074a8027701525b061b) Importer(2089858483,934ff659095e30574adcf32a4c2f97b5)
Start importing Assets/Prefabs/Dialogue.prefab using Guid(b888084326f7f074a8027701525b061b) Importer(2089858483,934ff659095e30574adcf32a4c2f97b5) Generated GUIDs only implemented for interfaces!
 -> (artifact id: '131769604b3ce3eb31e31f415793c7b0') in 0.281541 seconds 
========================================================================
Received Import Request.
  Time since last request: 101.082353 seconds.
  path: Assets/YarnSpinner/Editor/YarnImporterEditor.cs
  artifactKey: Guid(86e7a1afcf36f2847b546e40c89ce697) Importer(2089858483,934ff659095e30574adcf32a4c2f97b5)
Start importing Assets/YarnSpinner/Editor/YarnImporterEditor.cs using Guid(86e7a1afcf36f2847b546e40c89ce697) Importer(2089858483,934ff659095e30574adcf32a4c2f97b5) Generated GUIDs only implemented for interfaces!
 -> (artifact id: 'f873a0180c93b8b9e10693a6626ca603') in 0.047120 seconds 
========================================================================
Received Import Request.
  Time since last request: 0.000056 seconds.
  path: Assets/YarnSpinner/Tests/Runtime/DialogueRunnerMockUI.cs
  artifactKey: Guid(08d3afe52b9f5eb47a531ff469982b33) Importer(2089858483,934ff659095e30574adcf32a4c2f97b5)
Start importing Assets/YarnSpinner/Tests/Runtime/DialogueRunnerMockUI.cs using Guid(08d3afe52b9f5eb47a531ff469982b33) Importer(2089858483,934ff659095e30574adcf32a4c2f97b5) Generated GUIDs only implemented for interfaces!
 -> (artifact id: 'ef96eb23856ec27740504fd2a79c575a') in 0.023600 seconds 
========================================================================
Received Import Request.
  Time since last request: 0.000054 seconds.
  path: Assets/YarnSpinner/Runtime/DLLs/System.Numerics.Vectors.dll
  artifactKey: Guid(1284a3be320c944d289b7853b84200d4) Importer(2089858483,934ff659095e30574adcf32a4c2f97b5)
Start importing Assets/YarnSpinner/Runtime/DLLs/System.Numerics.Vectors.dll using Guid(1284a3be320c944d289b7853b84200d4) Importer(2089858483,934ff659095e30574adcf32a4c2f97b5) Generated GUIDs only implemented for interfaces!
 -> (artifact id: '619b3a429dbb6b2436a0d4bfe9e4b6eb') in 0.058362 seconds 
========================================================================
Received Import Request.
  Time since last request: 0.000075 seconds.
  path: Assets/YarnSpinner/Editor/YarnSpinnerEditorWindow.cs
  artifactKey: Guid(c33704ffe872549c2b5218ec0b09e8d4) Importer(2089858483,934ff659095e30574adcf32a4c2f97b5)
Start importing Assets/YarnSpinner/Editor/YarnSpinnerEditorWindow.cs using Guid(c33704ffe872549c2b5218ec0b09e8d4) Importer(2089858483,934ff659095e30574adcf32a4c2f97b5) Generated GUIDs only implemented for interfaces!
 -> (artifact id: '8d5fa7de3901160ff0deae81546dc2e3') in 0.016466 seconds 
========================================================================
Received Import Request.
  Time since last request: 0.000039 seconds.
  path: Assets/YarnSpinner/Editor/YarnSpinner.Unity.Editor.asmdef
  artifactKey: Guid(3a299c53e4c683b4eb4a04c9ad9e648f) Importer(2089858483,934ff659095e30574adcf32a4c2f97b5)
Start importing Assets/YarnSpinner/Editor/YarnSpinner.Unity.Editor.asmdef using Guid(3a299c53e4c683b4eb4a04c9ad9e648f) Importer(2089858483,934ff659095e30574adcf32a4c2f97b5) Generated GUIDs only implemented for interfaces!
 -> (artifact id: 'f3920efb8f733aebfb1e1045933b846e') in 0.022216 seconds 
========================================================================
Received Import Request.
  Time since last request: 0.000069 seconds.
  path: Assets/YarnSpinner/Editor/Icons/YarnSpinnerNotTested.png
  artifactKey: Guid(9ce4f42ddeba844a487cedc0aaa2e793) Importer(2089858483,934ff659095e30574adcf32a4c2f97b5)
Start importing Assets/YarnSpinner/Editor/Icons/YarnSpinnerNotTested.png using Guid(9ce4f42ddeba844a487cedc0aaa2e793) Importer(2089858483,934ff659095e30574adcf32a4c2f97b5) Generated GUIDs only implemented for interfaces!
 -> (artifact id: 'bb29cdbf8afffc520305a179d0799ead') in 0.035023 seconds 
========================================================================
Received Import Request.
  Time since last request: 0.000057 seconds.
  path: Assets/YarnSpinner/Runtime/DLLs/Antlr4.Runtime.Standard.dll
  artifactKey: Guid(66d59d06f4b6042ebbdc6ddb5cfd6846) Importer(2089858483,934ff659095e30574adcf32a4c2f97b5)
Start importing Assets/YarnSpinner/Runtime/DLLs/Antlr4.Runtime.Standard.dll using Guid(66d59d06f4b6042ebbdc6ddb5cfd6846) Importer(2089858483,934ff659095e30574adcf32a4c2f97b5) Generated GUIDs only implemented for interfaces!
 -> (artifact id: 'd2683d7cec5aefc797566981b678122f') in 0.015847 seconds 
========================================================================
Received Import Request.
  Time since last request: 0.000060 seconds.
  path: Assets/YarnSpinner/package.json
  artifactKey: Guid(e6335304c5696c743aedd0a77a6533ad) Importer(2089858483,934ff659095e30574adcf32a4c2f97b5)
Start importing Assets/YarnSpinner/package.json using Guid(e6335304c5696c743aedd0a77a6533ad) Importer(2089858483,934ff659095e30574adcf32a4c2f97b5) Generated GUIDs only implemented for interfaces!
 -> (artifact id: '6d0c9dd20c310dc1590fb2f35230ae82') in 0.020118 seconds 
========================================================================
Received Import Request.
  Time since last request: 0.000098 seconds.
  path: Assets/YarnSpinner/Runtime/Prefabs/Dialogue.prefab
  artifactKey: Guid(4ec3df5875e7347beb6176b545b8fb39) Importer(2089858483,934ff659095e30574adcf32a4c2f97b5)
Start importing Assets/YarnSpinner/Runtime/Prefabs/Dialogue.prefab using Guid(4ec3df5875e7347beb6176b545b8fb39) Importer(2089858483,934ff659095e30574adcf32a4c2f97b5) Generated GUIDs only implemented for interfaces!
 -> (artifact id: '93ecbc2a406da7defa7f7ce71bf758f6') in 0.024958 seconds 
========================================================================
Received Import Request.
  Time since last request: 0.000039 seconds.
  path: Assets/YarnSpinner/CHANGELOG.md
  artifactKey: Guid(db3ac383f37b340b593e3cd5d16b4cf5) Importer(2089858483,934ff659095e30574adcf32a4c2f97b5)
Start importing Assets/YarnSpinner/CHANGELOG.md using Guid(db3ac383f37b340b593e3cd5d16b4cf5) Importer(2089858483,934ff659095e30574adcf32a4c2f97b5) Generated GUIDs only implemented for interfaces!
 -> (artifact id: '68d5fe6eb389e4f06f1d1d4ebd5fe5db') in 0.020593 seconds 
========================================================================
Received Import Request.
  Time since last request: 0.000038 seconds.
  path: Assets/YarnSpinner/Tests/Runtime
  artifactKey: Guid(1e6ccf9b704d24f46946369a6f23060c) Importer(2089858483,934ff659095e30574adcf32a4c2f97b5)
Start importing Assets/YarnSpinner/Tests/Runtime using Guid(1e6ccf9b704d24f46946369a6f23060c) Importer(2089858483,934ff659095e30574adcf32a4c2f97b5) Generated GUIDs only implemented for interfaces!
 -> (artifact id: 'd653dee6e6d63124430256885618f00b') in 0.016906 seconds 
========================================================================
Received Import Request.
  Time since last request: 0.000042 seconds.
  path: Assets/YarnSpinner/CODE_OF_CONDUCT.md
  artifactKey: Guid(5cfcecef19b8f44c8a2e435d277c5a04) Importer(2089858483,934ff659095e30574adcf32a4c2f97b5)
Start importing Assets/YarnSpinner/CODE_OF_CONDUCT.md using Guid(5cfcecef19b8f44c8a2e435d277c5a04) Importer(2089858483,934ff659095e30574adcf32a4c2f97b5) Generated GUIDs only implemented for interfaces!
 -> (artifact id: '7bcf82d8112c5ea353f297744dbdb665') in 0.017902 seconds 
========================================================================
Received Import Request.
  Time since last request: 0.000062 seconds.
  path: Assets/YarnSpinner/Tests/Runtime/DialogueRunnerTests.cs
  artifactKey: Guid(272ccc3abe1b87a418a536f1520fc58a) Importer(2089858483,934ff659095e30574adcf32a4c2f97b5)
Start importing Assets/YarnSpinner/Tests/Runtime/DialogueRunnerTests.cs using Guid(272ccc3abe1b87a418a536f1520fc58a) Importer(2089858483,934ff659095e30574adcf32a4c2f97b5) Generated GUIDs only implemented for interfaces!
 -> (artifact id: '9a84ff72512c93d776913253519fee68') in 0.020266 seconds 
========================================================================
Received Import Request.
  Time since last request: 0.000046 seconds.
  path: Assets/YarnSpinner/Editor/Icons/YarnSpinnerLogo.png
  artifactKey: Guid(528a6dd601766934abb8b1053bd798ef) Importer(2089858483,934ff659095e30574adcf32a4c2f97b5)
Start importing Assets/YarnSpinner/Editor/Icons/YarnSpinnerLogo.png using Guid(528a6dd601766934abb8b1053bd798ef) Importer(2089858483,934ff659095e30574adcf32a4c2f97b5) Generated GUIDs only implemented for interfaces!
 -> (artifact id: '4b2016fc85eaed6cd236017c28831172') in 0.102938 seconds 
========================================================================
Received Import Request.
  Time since last request: 0.000049 seconds.
  path: Assets/YarnSpinner/Tests/Runtime/YarnSpinnerTests.asmdef
  artifactKey: Guid(8b0945c9a731aeb4284b7917ddc5be92) Importer(2089858483,934ff659095e30574adcf32a4c2f97b5)
Start importing Assets/YarnSpinner/Tests/Runtime/YarnSpinnerTests.asmdef using Guid(8b0945c9a731aeb4284b7917ddc5be92) Importer(2089858483,934ff659095e30574adcf32a4c2f97b5) Generated GUIDs only implemented for interfaces!
 -> (artifact id: '2dd21c4aa2a586e20bc37aca3d459edf') in 0.016904 seconds 
========================================================================
Received Import Request.
  Time since last request: 0.000038 seconds.
  path: Assets/YarnSpinner/Editor/YarnProgramEditor.cs
  artifactKey: Guid(76b0f75fe69847346ad55b49ea4197ea) Importer(2089858483,934ff659095e30574adcf32a4c2f97b5)
Start importing Assets/YarnSpinner/Editor/YarnProgramEditor.cs using Guid(76b0f75fe69847346ad55b49ea4197ea) Importer(2089858483,934ff659095e30574adcf32a4c2f97b5) Generated GUIDs only implemented for interfaces!
 -> (artifact id: '3c96bc568a293590c761543e18a2f918') in 0.018714 seconds 
========================================================================
Received Import Request.
  Time since last request: 0.000039 seconds.
  path: Assets/YarnSpinner/Runtime/DLLs/System.Memory.dll
  artifactKey: Guid(6bac77fc94c754fd6b790add55fa8d74) Importer(2089858483,934ff659095e30574adcf32a4c2f97b5)
Start importing Assets/YarnSpinner/Runtime/DLLs/System.Memory.dll using Guid(6bac77fc94c754fd6b790add55fa8d74) Importer(2089858483,934ff659095e30574adcf32a4c2f97b5) Generated GUIDs only implemented for interfaces!
 -> (artifact id: '4153da7b5995d2946b78acdc760cbdc0') in 0.016068 seconds 
========================================================================
Received Import Request.
  Time since last request: 0.000035 seconds.
  path: Assets/YarnSpinner/Editor/Icons/YarnSpinnerFailed.png
  artifactKey: Guid(76d08d996a288451a9644f52ba7cbf74) Importer(2089858483,934ff659095e30574adcf32a4c2f97b5)
Start importing Assets/YarnSpinner/Editor/Icons/YarnSpinnerFailed.png using Guid(76d08d996a288451a9644f52ba7cbf74) Importer(2089858483,934ff659095e30574adcf32a4c2f97b5) Generated GUIDs only implemented for interfaces!
 -> (artifact id: 'b124648a27d1fb37c3a253b2015a0244') in 0.020855 seconds 
========================================================================
Received Import Request.
  Time since last request: 0.000033 seconds.
  path: Assets/YarnSpinner/Editor/YarnScriptTemplate.txt
  artifactKey: Guid(4f4ca4a46020a454f80e2ac78eda5aa1) Importer(2089858483,934ff659095e30574adcf32a4c2f97b5)
Start importing Assets/YarnSpinner/Editor/YarnScriptTemplate.txt using Guid(4f4ca4a46020a454f80e2ac78eda5aa1) Importer(2089858483,934ff659095e30574adcf32a4c2f97b5) Generated GUIDs only implemented for interfaces!
 -> (artifact id: '5f63bc373d423e5a1b0cf1ac169eadfd') in 0.023411 seconds 
========================================================================
Received Import Request.
  Time since last request: 0.000036 seconds.
  path: Assets/YarnSpinner/Runtime/DialogueUI.cs
  artifactKey: Guid(04317fce65da54f4997a5c4465b4e93c) Importer(2089858483,934ff659095e30574adcf32a4c2f97b5)
Start importing Assets/YarnSpinner/Runtime/DialogueUI.cs using Guid(04317fce65da54f4997a5c4465b4e93c) Importer(2089858483,934ff659095e30574adcf32a4c2f97b5) Generated GUIDs only implemented for interfaces!
 -> (artifact id: '86c147fd4a7298e7e5b154a91a22cf4d') in 0.019351 seconds 
========================================================================
Received Import Request.
  Time since last request: 0.000040 seconds.
  path: Assets/YarnSpinner/Runtime/DLLs/System.Runtime.CompilerServices.Unsafe.dll
  artifactKey: Guid(db1ffba9cf3ef4df29c9f1672084c041) Importer(2089858483,934ff659095e30574adcf32a4c2f97b5)
Start importing Assets/YarnSpinner/Runtime/DLLs/System.Runtime.CompilerServices.Unsafe.dll using Guid(db1ffba9cf3ef4df29c9f1672084c041) Importer(2089858483,934ff659095e30574adcf32a4c2f97b5) Generated GUIDs only implemented for interfaces!
 -> (artifact id: 'ff6e527774f4f9a9bf055b1450a9b407') in 0.023192 seconds 
========================================================================
Received Import Request.
  Time since last request: 0.000041 seconds.
  path: Assets/YarnSpinner/Runtime/DLLs/YarnSpinner.dll
  artifactKey: Guid(d55bd69d2ea984d18a2f662c811c1196) Importer(2089858483,934ff659095e30574adcf32a4c2f97b5)
Start importing Assets/YarnSpinner/Runtime/DLLs/YarnSpinner.dll using Guid(d55bd69d2ea984d18a2f662c811c1196) Importer(2089858483,934ff659095e30574adcf32a4c2f97b5) Generated GUIDs only implemented for interfaces!
 -> (artifact id: 'b143ffb1302ecf2e9670ffb01ef662aa') in 0.014624 seconds 
========================================================================
Received Import Request.
  Time since last request: 0.000038 seconds.
  path: Assets/YarnSpinner/Runtime/YarnSpinner.Unity.asmdef
  artifactKey: Guid(34aa492b82754644eac2f903cd496268) Importer(2089858483,934ff659095e30574adcf32a4c2f97b5)
Start importing Assets/YarnSpinner/Runtime/YarnSpinner.Unity.asmdef using Guid(34aa492b82754644eac2f903cd496268) Importer(2089858483,934ff659095e30574adcf32a4c2f97b5) Generated GUIDs only implemented for interfaces!
 -> (artifact id: '738945203c9b3954648e4ad5482a8d7a') in 0.018022 seconds 
========================================================================
Received Import Request.
  Time since last request: 0.000037 seconds.
  path: Assets/YarnSpinner/Editor/Icons
  artifactKey: Guid(4e99b606795f943c1a4d8bbe8d7fef51) Importer(2089858483,934ff659095e30574adcf32a4c2f97b5)
Start importing Assets/YarnSpinner/Editor/Icons using Guid(4e99b606795f943c1a4d8bbe8d7fef51) Importer(2089858483,934ff659095e30574adcf32a4c2f97b5) Generated GUIDs only implemented for interfaces!
 -> (artifact id: '2e88f4f5864a803a496e7ba53c17c20c') in 0.214261 seconds 
========================================================================
Received Import Request.
  Time since last request: 0.000057 seconds.
  path: Assets/YarnSpinner/CONTRIBUTING.md
  artifactKey: Guid(9e079b710417049b2915eacde0b91e1b) Importer(2089858483,934ff659095e30574adcf32a4c2f97b5)
Start importing Assets/YarnSpinner/CONTRIBUTING.md using Guid(9e079b710417049b2915eacde0b91e1b) Importer(2089858483,934ff659095e30574adcf32a4c2f97b5) Generated GUIDs only implemented for interfaces!
 -> (artifact id: '763ceac5696513a1cfb53e8e83ef36ae') in 0.014789 seconds 
========================================================================
Received Import Request.
  Time since last request: 0.000027 seconds.
  path: Assets/YarnSpinner/Editor
  artifactKey: Guid(c3b025f9df1834d5e91c6873ece463b1) Importer(2089858483,934ff659095e30574adcf32a4c2f97b5)
Start importing Assets/YarnSpinner/Editor using Guid(c3b025f9df1834d5e91c6873ece463b1) Importer(2089858483,934ff659095e30574adcf32a4c2f97b5) Generated GUIDs only implemented for interfaces!
 -> (artifact id: '7cc415a1c5697c4d0ff1e3ab51dee8c4') in 0.014584 seconds 
========================================================================
Received Import Request.
  Time since last request: 0.000038 seconds.
  path: Assets/YarnSpinner/Runtime/DLLs/Google.Protobuf.dll
  artifactKey: Guid(5186e8e45cbcd4996af2b12528a7c8b4) Importer(2089858483,934ff659095e30574adcf32a4c2f97b5)
Start importing Assets/YarnSpinner/Runtime/DLLs/Google.Protobuf.dll using Guid(5186e8e45cbcd4996af2b12528a7c8b4) Importer(2089858483,934ff659095e30574adcf32a4c2f97b5) Generated GUIDs only implemented for interfaces!
 -> (artifact id: '825cd4da6ec5e125dee4944c929558dc') in 0.019758 seconds 
========================================================================
Received Import Request.
  Time since last request: 0.000042 seconds.
  path: Assets/YarnSpinner/Editor/YarnImporter.cs
  artifactKey: Guid(94073015eacc34c1d8fc6786e43d60ca) Importer(2089858483,934ff659095e30574adcf32a4c2f97b5)
Start importing Assets/YarnSpinner/Editor/YarnImporter.cs using Guid(94073015eacc34c1d8fc6786e43d60ca) Importer(2089858483,934ff659095e30574adcf32a4c2f97b5) Generated GUIDs only implemented for interfaces!
 -> (artifact id: '5179d14e3cd23e317f07728376a47557') in 0.019821 seconds 
========================================================================
Received Import Request.
  Time since last request: 0.000035 seconds.
  path: Assets/YarnSpinner/Runtime/Culture.cs
  artifactKey: Guid(b333bea34d842c14592b64107ba0ada8) Importer(2089858483,934ff659095e30574adcf32a4c2f97b5)
Start importing Assets/YarnSpinner/Runtime/Culture.cs using Guid(b333bea34d842c14592b64107ba0ada8) Importer(2089858483,934ff659095e30574adcf32a4c2f97b5) Generated GUIDs only implemented for interfaces!
 -> (artifact id: '606551300a7ce8aff5846edc4b1109bc') in 0.018964 seconds 
========================================================================
Received Import Request.
  Time since last request: 0.000040 seconds.
  path: Assets/YarnSpinner/Tests/Runtime/DialogueRunnerTest.unity
  artifactKey: Guid(a04d7174042154a47a29ac4f924e0474) Importer(2089858483,934ff659095e30574adcf32a4c2f97b5)
Start importing Assets/YarnSpinner/Tests/Runtime/DialogueRunnerTest.unity using Guid(a04d7174042154a47a29ac4f924e0474) Importer(2089858483,934ff659095e30574adcf32a4c2f97b5) Generated GUIDs only implemented for interfaces!
 -> (artifact id: 'd7c985a0dac8e1114ecfc6f2dfa781a9') in 0.016570 seconds 
========================================================================
Received Import Request.
  Time since last request: 12.709648 seconds.
  path: Assets/Scripts/Dialogue
  artifactKey: Guid(811167756c4e4be41acdd2d390011f57) Importer(815301076,1909f56bfc062723c751e8b465ee728b)
Start importing Assets/Scripts/Dialogue using Guid(811167756c4e4be41acdd2d390011f57) Importer(815301076,1909f56bfc062723c751e8b465ee728b)  -> (artifact id: '06ea8b6cbe0591f96ce59604e932f5ad') in 0.010220 seconds 
========================================================================
Received Import Request.
  Time since last request: 1.105819 seconds.
  path: Assets/Scripts/Dialogue/DialogueHelper.cs
  artifactKey: Guid(4f9c404752aa94246a6faf847d96355a) Importer(815301076,1909f56bfc062723c751e8b465ee728b)
Start importing Assets/Scripts/Dialogue/DialogueHelper.cs using Guid(4f9c404752aa94246a6faf847d96355a) Importer(815301076,1909f56bfc062723c751e8b465ee728b)  -> (artifact id: '911f9974c06bcb4b72f2851847168b7d') in 0.010486 seconds 
========================================================================
Received Import Request.
  Time since last request: 171.517444 seconds.
  path: Assets/Scripts/Dialogue/DialogueHelper.cs
  artifactKey: Guid(4f9c404752aa94246a6faf847d96355a) Importer(815301076,1909f56bfc062723c751e8b465ee728b)
Start importing Assets/Scripts/Dialogue/DialogueHelper.cs using Guid(4f9c404752aa94246a6faf847d96355a) Importer(815301076,1909f56bfc062723c751e8b465ee728b)  -> (artifact id: '74eff7d4a17b20b4120d855ddbc2751c') in 0.006201 seconds 
========================================================================
Received Import Request.
  Time since last request: 0.944172 seconds.
  path: Assets/Scripts/Dialogue/DialogueHelper.cs
  artifactKey: Guid(4f9c404752aa94246a6faf847d96355a) Importer(2089858483,934ff659095e30574adcf32a4c2f97b5)
Start importing Assets/Scripts/Dialogue/DialogueHelper.cs using Guid(4f9c404752aa94246a6faf847d96355a) Importer(2089858483,934ff659095e30574adcf32a4c2f97b5) Generated GUIDs only implemented for interfaces!
 -> (artifact id: '89358347bcd6cecb7f9db95f403d085d') in 0.016469 seconds 
========================================================================
Received Import Request.
  Time since last request: 4.216908 seconds.
  path: Assets/Scripts/Activators
  artifactKey: Guid(e92796f6317e17f4884d317ab2319065) Importer(815301076,1909f56bfc062723c751e8b465ee728b)
Start importing Assets/Scripts/Activators using Guid(e92796f6317e17f4884d317ab2319065) Importer(815301076,1909f56bfc062723c751e8b465ee728b)  -> (artifact id: '56a0f46901d44a35255e23fdf7a0e045') in 0.014429 seconds 
========================================================================
Received Import Request.
  Time since last request: 1.573580 seconds.
  path: Assets/Scripts/Activators/DuckActivator.cs
  artifactKey: Guid(7c42bce7907f98a4eb0ca43b336f5d7c) Importer(815301076,1909f56bfc062723c751e8b465ee728b)
Start importing Assets/Scripts/Activators/DuckActivator.cs using Guid(7c42bce7907f98a4eb0ca43b336f5d7c) Importer(815301076,1909f56bfc062723c751e8b465ee728b)  -> (artifact id: '1f60baa8a608a7e309136f796643d06e') in 0.012479 seconds 
========================================================================
Received Import Request.
  Time since last request: 8.421721 seconds.
  path: Assets/Scripts/Activators/SpriteActivator.cs
  artifactKey: Guid(73d8c910cf12cf64b93dd475dc84570f) Importer(815301076,1909f56bfc062723c751e8b465ee728b)
Start importing Assets/Scripts/Activators/SpriteActivator.cs using Guid(73d8c910cf12cf64b93dd475dc84570f) Importer(815301076,1909f56bfc062723c751e8b465ee728b)  -> (artifact id: '47b1e925f0e23834e83833e3ac660070') in 0.013255 seconds 
========================================================================
Received Import Request.
  Time since last request: 0.322890 seconds.
  path: Assets/Scripts/Activators/KangarooActivator.cs
  artifactKey: Guid(0d7c62237c601ef4a811efca96ce1c8f) Importer(815301076,1909f56bfc062723c751e8b465ee728b)
Start importing Assets/Scripts/Activators/KangarooActivator.cs using Guid(0d7c62237c601ef4a811efca96ce1c8f) Importer(815301076,1909f56bfc062723c751e8b465ee728b)  -> (artifact id: '7654c9490af3d0bc30d0765d7877e56b') in 0.011518 seconds 
========================================================================
Received Prepare
Registering precompiled user dll's ...
Registered in 0.038546 seconds.
Begin MonoManager ReloadAssembly
Symbol file LoadedFromMemory doesn't match image D:\Unity\Sea-Research\ReSea ReSearch\Library\PackageCache\com.unity.visualscripting@1.7.6\Editor\VisualScripting.Core\Dependencies\YamlDotNet\Unity.VisualScripting.YamlDotNet.dll
Symbol file LoadedFromMemory doesn't match image D:\Unity\Sea-Research\ReSea ReSearch\Library\PackageCache\com.unity.visualscripting@1.7.6\Editor\VisualScripting.Core\Dependencies\DotNetZip\Unity.VisualScripting.IonicZip.dll
Native extension for WindowsStandalone target not found
Refreshing native plugins compatible for Editor in 274.30 ms, found 4 plugins.
Preloading 0 native plugins for Editor in 0.00 ms.
Mono: successfully reloaded assembly
- Completed reload, in  3.143 seconds
Domain Reload Profiling:
	ReloadAssembly (3144ms)
		BeginReloadAssembly (291ms)
			ExecutionOrderSort (0ms)
			DisableScriptedObjects (13ms)
			BackupInstance (0ms)
			ReleaseScriptingObjects (0ms)
			CreateAndSetChildDomain (103ms)
		EndReloadAssembly (2640ms)
			LoadAssemblies (187ms)
			RebuildTransferFunctionScriptingTraits (0ms)
			SetupTypeCache (626ms)
			ReleaseScriptCaches (5ms)
			RebuildScriptCaches (97ms)
			SetupLoadedEditorAssemblies (1618ms)
				LogAssemblyErrors (0ms)
				InitializePlatformSupportModulesInManaged (25ms)
				SetLoadedEditorAssemblies (0ms)
				RefreshPlugins (274ms)
				BeforeProcessingInitializeOnLoad (217ms)
				ProcessInitializeOnLoadAttributes (908ms)
				ProcessInitializeOnLoadMethodAttributes (178ms)
				AfterProcessingInitializeOnLoad (15ms)
				EditorAssembliesLoaded (0ms)
			ExecutionOrderSort2 (0ms)
			AwakeInstancesAfterBackupRestoration (24ms)
Platform modules already initialized, skipping
Refreshing native plugins compatible for Editor in 2.66 ms, found 4 plugins.
Preloading 0 native plugins for Editor in 0.00 ms.
Unloading 5294 Unused Serialized files (Serialized files now loaded: 0)
Unloading 59 unused Assets / (1.2 MB). Loaded Objects now: 5852.
Memory consumption went from 204.9 MB to 203.7 MB.
Total: 15.507900 ms (FindLiveObjects: 0.869300 ms CreateObjectMapping: 0.753200 ms MarkObjects: 12.420300 ms  DeleteObjects: 1.462300 ms)

AssetImportParameters requested are different than current active one (requested -> active):
  custom:video-decoder-ogg-theora: a1e56fd34408186e4bbccfd4996cb3dc -> 
  custom:container-muxer-webm: aa71ff27fc2769a1b78a27578f13a17b -> 
  custom:container-demuxer-webm: 4f35f7cbe854078d1ac9338744f61a02 -> 
  custom:video-encoder-webm-vp8: eb34c28f22e8b96e1ab97ce403110664 -> 
  custom:video-codec-MediaFoundation-h265: 746d11721c4dcdbdad8f713fa42b33f4 -> 
  custom:audio-encoder-webm-vorbis: bf7c407c2cedff20999df2af8eb42d56 -> 
  custom:framework-win-MediaFoundation: 216162199b28c13a410421893ffa2e32 -> 
  custom:SearchIndexIgnoredProperties: e643bd26f0fe6173181afceb89e7c659 -> 
  custom:container-demuxer-ogg: 62fdf1f143b41e24485cea50d1cbac27 -> 
  custom:video-decoder-webm-vp8: 9c59270c3fd7afecdb556c50c9e8de78 -> 
  custom:audio-decoder-ogg-vorbis: bf7c407c2cedff20999df2af8eb42d56 -> 
========================================================================
Received Prepare
Registering precompiled user dll's ...
Registered in 0.018273 seconds.
Begin MonoManager ReloadAssembly
Symbol file LoadedFromMemory doesn't match image D:\Unity\Sea-Research\ReSea ReSearch\Library\PackageCache\com.unity.visualscripting@1.7.6\Editor\VisualScripting.Core\Dependencies\YamlDotNet\Unity.VisualScripting.YamlDotNet.dll
Symbol file LoadedFromMemory doesn't match image D:\Unity\Sea-Research\ReSea ReSearch\Library\PackageCache\com.unity.visualscripting@1.7.6\Editor\VisualScripting.Core\Dependencies\DotNetZip\Unity.VisualScripting.IonicZip.dll
Native extension for WindowsStandalone target not found
Refreshing native plugins compatible for Editor in 2.34 ms, found 4 plugins.
Preloading 0 native plugins for Editor in 0.00 ms.
Mono: successfully reloaded assembly
- Completed reload, in  2.795 seconds
Domain Reload Profiling:
	ReloadAssembly (2796ms)
		BeginReloadAssembly (322ms)
			ExecutionOrderSort (0ms)
			DisableScriptedObjects (16ms)
			BackupInstance (0ms)
			ReleaseScriptingObjects (0ms)
			CreateAndSetChildDomain (115ms)
		EndReloadAssembly (2184ms)
			LoadAssemblies (186ms)
			RebuildTransferFunctionScriptingTraits (0ms)
			SetupTypeCache (631ms)
			ReleaseScriptCaches (5ms)
			RebuildScriptCaches (133ms)
			SetupLoadedEditorAssemblies (1129ms)
				LogAssemblyErrors (0ms)
				InitializePlatformSupportModulesInManaged (28ms)
				SetLoadedEditorAssemblies (1ms)
				RefreshPlugins (3ms)
				BeforeProcessingInitializeOnLoad (179ms)
				ProcessInitializeOnLoadAttributes (735ms)
				ProcessInitializeOnLoadMethodAttributes (168ms)
				AfterProcessingInitializeOnLoad (13ms)
				EditorAssembliesLoaded (1ms)
			ExecutionOrderSort2 (0ms)
			AwakeInstancesAfterBackupRestoration (24ms)
Platform modules already initialized, skipping
Refreshing native plugins compatible for Editor in 2.96 ms, found 4 plugins.
Preloading 0 native plugins for Editor in 0.00 ms.
Unloading 5295 Unused Serialized files (Serialized files now loaded: 0)
Unloading 55 unused Assets / (1.2 MB). Loaded Objects now: 5855.
Memory consumption went from 207.0 MB to 205.8 MB.
Total: 11.807900 ms (FindLiveObjects: 1.527700 ms CreateObjectMapping: 0.979400 ms MarkObjects: 8.052200 ms  DeleteObjects: 1.245900 ms)

AssetImportParameters requested are different than current active one (requested -> active):
  custom:video-decoder-ogg-theora: a1e56fd34408186e4bbccfd4996cb3dc -> 
  custom:container-muxer-webm: aa71ff27fc2769a1b78a27578f13a17b -> 
  custom:container-demuxer-webm: 4f35f7cbe854078d1ac9338744f61a02 -> 
  custom:video-encoder-webm-vp8: eb34c28f22e8b96e1ab97ce403110664 -> 
  custom:video-codec-MediaFoundation-h265: 746d11721c4dcdbdad8f713fa42b33f4 -> 
  custom:audio-encoder-webm-vorbis: bf7c407c2cedff20999df2af8eb42d56 -> 
  custom:framework-win-MediaFoundation: 216162199b28c13a410421893ffa2e32 -> 
  custom:SearchIndexIgnoredProperties: e643bd26f0fe6173181afceb89e7c659 -> 
  custom:container-demuxer-ogg: 62fdf1f143b41e24485cea50d1cbac27 -> 
  custom:video-decoder-webm-vp8: 9c59270c3fd7afecdb556c50c9e8de78 -> 
  custom:audio-decoder-ogg-vorbis: bf7c407c2cedff20999df2af8eb42d56 -> 
========================================================================
Received Import Request.
  Time since last request: 94.599272 seconds.
  path: Assets/Scripts/Interactables/DiversHelmet.cs
  artifactKey: Guid(88609a2b0f687324e80f169b47321afe) Importer(815301076,1909f56bfc062723c751e8b465ee728b)
Start importing Assets/Scripts/Interactables/DiversHelmet.cs using Guid(88609a2b0f687324e80f169b47321afe) Importer(815301076,1909f56bfc062723c751e8b465ee728b)  -> (artifact id: '34b23d720883ee24b812f1b7770f2336') in 0.083190 seconds 
========================================================================
Received Import Request.
  Time since last request: 13.446812 seconds.
  path: Assets/Scripts/Dialogue/NPC.cs
  artifactKey: Guid(a2c6f54472896e94084de0f70646d1cb) Importer(815301076,1909f56bfc062723c751e8b465ee728b)
Start importing Assets/Scripts/Dialogue/NPC.cs using Guid(a2c6f54472896e94084de0f70646d1cb) Importer(815301076,1909f56bfc062723c751e8b465ee728b)  -> (artifact id: '612d22dc975335cbf8b1e0882d350ee9') in 0.014841 seconds 
========================================================================
Received Import Request.
  Time since last request: 146.199808 seconds.
  path: Assets/Scripts/Dialogue/NPC.cs
  artifactKey: Guid(a2c6f54472896e94084de0f70646d1cb) Importer(815301076,1909f56bfc062723c751e8b465ee728b)
Start importing Assets/Scripts/Dialogue/NPC.cs using Guid(a2c6f54472896e94084de0f70646d1cb) Importer(815301076,1909f56bfc062723c751e8b465ee728b)  -> (artifact id: 'ffcc33d0631831c3f3c0bc7a7d26fe2a') in 0.003829 seconds 
========================================================================
Received Prepare
Registering precompiled user dll's ...
Registered in 0.012579 seconds.
Begin MonoManager ReloadAssembly
Symbol file LoadedFromMemory doesn't match image D:\Unity\Sea-Research\ReSea ReSearch\Library\PackageCache\com.unity.visualscripting@1.7.6\Editor\VisualScripting.Core\Dependencies\YamlDotNet\Unity.VisualScripting.YamlDotNet.dll
Symbol file LoadedFromMemory doesn't match image D:\Unity\Sea-Research\ReSea ReSearch\Library\PackageCache\com.unity.visualscripting@1.7.6\Editor\VisualScripting.Core\Dependencies\DotNetZip\Unity.VisualScripting.IonicZip.dll
Native extension for WindowsStandalone target not found
Refreshing native plugins compatible for Editor in 1.52 ms, found 4 plugins.
Preloading 0 native plugins for Editor in 0.00 ms.
Mono: successfully reloaded assembly
- Completed reload, in  2.832 seconds
Domain Reload Profiling:
	ReloadAssembly (2834ms)
		BeginReloadAssembly (799ms)
			ExecutionOrderSort (0ms)
			DisableScriptedObjects (75ms)
			BackupInstance (0ms)
			ReleaseScriptingObjects (0ms)
			CreateAndSetChildDomain (299ms)
		EndReloadAssembly (1855ms)
			LoadAssemblies (175ms)
			RebuildTransferFunctionScriptingTraits (0ms)
			SetupTypeCache (581ms)
			ReleaseScriptCaches (3ms)
			RebuildScriptCaches (91ms)
			SetupLoadedEditorAssemblies (940ms)
				LogAssemblyErrors (0ms)
				InitializePlatformSupportModulesInManaged (20ms)
				SetLoadedEditorAssemblies (1ms)
				RefreshPlugins (2ms)
				BeforeProcessingInitializeOnLoad (150ms)
				ProcessInitializeOnLoadAttributes (625ms)
				ProcessInitializeOnLoadMethodAttributes (132ms)
				AfterProcessingInitializeOnLoad (10ms)
				EditorAssembliesLoaded (0ms)
			ExecutionOrderSort2 (0ms)
			AwakeInstancesAfterBackupRestoration (16ms)
Platform modules already initialized, skipping
Refreshing native plugins compatible for Editor in 2.58 ms, found 4 plugins.
Preloading 0 native plugins for Editor in 0.00 ms.
Unloading 5295 Unused Serialized files (Serialized files now loaded: 0)
Unloading 55 unused Assets / (1.2 MB). Loaded Objects now: 5857.
Memory consumption went from 207.0 MB to 205.8 MB.
Total: 12.987500 ms (FindLiveObjects: 0.903500 ms CreateObjectMapping: 0.710200 ms MarkObjects: 10.214500 ms  DeleteObjects: 1.156400 ms)

AssetImportParameters requested are different than current active one (requested -> active):
  custom:video-decoder-ogg-theora: a1e56fd34408186e4bbccfd4996cb3dc -> 
  custom:container-muxer-webm: aa71ff27fc2769a1b78a27578f13a17b -> 
  custom:container-demuxer-webm: 4f35f7cbe854078d1ac9338744f61a02 -> 
  custom:video-encoder-webm-vp8: eb34c28f22e8b96e1ab97ce403110664 -> 
  custom:video-codec-MediaFoundation-h265: 746d11721c4dcdbdad8f713fa42b33f4 -> 
  custom:audio-encoder-webm-vorbis: bf7c407c2cedff20999df2af8eb42d56 -> 
  custom:framework-win-MediaFoundation: 216162199b28c13a410421893ffa2e32 -> 
  custom:SearchIndexIgnoredProperties: e643bd26f0fe6173181afceb89e7c659 -> 
  custom:container-demuxer-ogg: 62fdf1f143b41e24485cea50d1cbac27 -> 
  custom:video-decoder-webm-vp8: 9c59270c3fd7afecdb556c50c9e8de78 -> 
  custom:audio-decoder-ogg-vorbis: bf7c407c2cedff20999df2af8eb42d56 -> 
========================================================================
Received Import Request.
  Time since last request: 1035.155177 seconds.
  path: Assets/Prefabs/Dialogue.prefab
  artifactKey: Guid(b888084326f7f074a8027701525b061b) Importer(815301076,1909f56bfc062723c751e8b465ee728b)
Start importing Assets/Prefabs/Dialogue.prefab using Guid(b888084326f7f074a8027701525b061b) Importer(815301076,1909f56bfc062723c751e8b465ee728b)  -> (artifact id: 'f93c69808d8c9c147a2f1607925c42be') in 0.079001 seconds 
========================================================================
Received Import Request.
  Time since last request: 81.837332 seconds.
  path: Assets/Dialogue/Example.yarn
  artifactKey: Guid(b23199beb1617724b8b85d67397f6913) Importer(815301076,1909f56bfc062723c751e8b465ee728b)
Start importing Assets/Dialogue/Example.yarn using Guid(b23199beb1617724b8b85d67397f6913) Importer(815301076,1909f56bfc062723c751e8b465ee728b)  -> (artifact id: '1092da47b2937cd4448c013fe55700b7') in 0.019913 seconds 
========================================================================
Received Prepare
Registering precompiled user dll's ...
Registered in 0.011717 seconds.
Begin MonoManager ReloadAssembly
Symbol file LoadedFromMemory doesn't match image D:\Unity\Sea-Research\ReSea ReSearch\Library\PackageCache\com.unity.visualscripting@1.7.6\Editor\VisualScripting.Core\Dependencies\YamlDotNet\Unity.VisualScripting.YamlDotNet.dll
Symbol file LoadedFromMemory doesn't match image D:\Unity\Sea-Research\ReSea ReSearch\Library\PackageCache\com.unity.visualscripting@1.7.6\Editor\VisualScripting.Core\Dependencies\DotNetZip\Unity.VisualScripting.IonicZip.dll
Native extension for WindowsStandalone target not found
Refreshing native plugins compatible for Editor in 1.50 ms, found 4 plugins.
Preloading 0 native plugins for Editor in 0.00 ms.
Mono: successfully reloaded assembly
- Completed reload, in  2.144 seconds
Domain Reload Profiling:
	ReloadAssembly (2146ms)
		BeginReloadAssembly (219ms)
			ExecutionOrderSort (0ms)
			DisableScriptedObjects (13ms)
			BackupInstance (0ms)
			ReleaseScriptingObjects (0ms)
			CreateAndSetChildDomain (72ms)
		EndReloadAssembly (1749ms)
			LoadAssemblies (141ms)
			RebuildTransferFunctionScriptingTraits (0ms)
			SetupTypeCache (530ms)
			ReleaseScriptCaches (3ms)
			RebuildScriptCaches (83ms)
			SetupLoadedEditorAssemblies (911ms)
				LogAssemblyErrors (0ms)
				InitializePlatformSupportModulesInManaged (19ms)
				SetLoadedEditorAssemblies (1ms)
				RefreshPlugins (2ms)
				BeforeProcessingInitializeOnLoad (148ms)
				ProcessInitializeOnLoadAttributes (600ms)
				ProcessInitializeOnLoadMethodAttributes (131ms)
				AfterProcessingInitializeOnLoad (10ms)
				EditorAssembliesLoaded (0ms)
			ExecutionOrderSort2 (0ms)
			AwakeInstancesAfterBackupRestoration (16ms)
Platform modules already initialized, skipping
Refreshing native plugins compatible for Editor in 3.43 ms, found 4 plugins.
Preloading 0 native plugins for Editor in 0.00 ms.
Unloading 5295 Unused Serialized files (Serialized files now loaded: 0)
Unloading 55 unused Assets / (1.2 MB). Loaded Objects now: 5859.
Memory consumption went from 207.0 MB to 205.8 MB.
Total: 11.723200 ms (FindLiveObjects: 0.959500 ms CreateObjectMapping: 0.788700 ms MarkObjects: 9.235100 ms  DeleteObjects: 0.737700 ms)

AssetImportParameters requested are different than current active one (requested -> active):
  custom:video-decoder-ogg-theora: a1e56fd34408186e4bbccfd4996cb3dc -> 
  custom:container-muxer-webm: aa71ff27fc2769a1b78a27578f13a17b -> 
  custom:container-demuxer-webm: 4f35f7cbe854078d1ac9338744f61a02 -> 
  custom:video-encoder-webm-vp8: eb34c28f22e8b96e1ab97ce403110664 -> 
  custom:video-codec-MediaFoundation-h265: 746d11721c4dcdbdad8f713fa42b33f4 -> 
  custom:audio-encoder-webm-vorbis: bf7c407c2cedff20999df2af8eb42d56 -> 
  custom:framework-win-MediaFoundation: 216162199b28c13a410421893ffa2e32 -> 
  custom:SearchIndexIgnoredProperties: e643bd26f0fe6173181afceb89e7c659 -> 
  custom:container-demuxer-ogg: 62fdf1f143b41e24485cea50d1cbac27 -> 
  custom:video-decoder-webm-vp8: 9c59270c3fd7afecdb556c50c9e8de78 -> 
  custom:audio-decoder-ogg-vorbis: bf7c407c2cedff20999df2af8eb42d56 -> 
========================================================================
Received Prepare
Registering precompiled user dll's ...
Registered in 0.012361 seconds.
Begin MonoManager ReloadAssembly
Symbol file LoadedFromMemory doesn't match image D:\Unity\Sea-Research\ReSea ReSearch\Library\PackageCache\com.unity.visualscripting@1.7.6\Editor\VisualScripting.Core\Dependencies\YamlDotNet\Unity.VisualScripting.YamlDotNet.dll
Symbol file LoadedFromMemory doesn't match image D:\Unity\Sea-Research\ReSea ReSearch\Library\PackageCache\com.unity.visualscripting@1.7.6\Editor\VisualScripting.Core\Dependencies\DotNetZip\Unity.VisualScripting.IonicZip.dll
Native extension for WindowsStandalone target not found
Refreshing native plugins compatible for Editor in 1.89 ms, found 4 plugins.
Preloading 0 native plugins for Editor in 0.00 ms.
Mono: successfully reloaded assembly
- Completed reload, in  2.314 seconds
Domain Reload Profiling:
	ReloadAssembly (2316ms)
		BeginReloadAssembly (235ms)
			ExecutionOrderSort (0ms)
			DisableScriptedObjects (14ms)
			BackupInstance (0ms)
			ReleaseScriptingObjects (0ms)
			CreateAndSetChildDomain (79ms)
		EndReloadAssembly (1899ms)
			LoadAssemblies (166ms)
			RebuildTransferFunctionScriptingTraits (0ms)
			SetupTypeCache (556ms)
			ReleaseScriptCaches (4ms)
			RebuildScriptCaches (93ms)
			SetupLoadedEditorAssemblies (983ms)
				LogAssemblyErrors (0ms)
				InitializePlatformSupportModulesInManaged (24ms)
				SetLoadedEditorAssemblies (1ms)
				RefreshPlugins (2ms)
				BeforeProcessingInitializeOnLoad (165ms)
				ProcessInitializeOnLoadAttributes (631ms)
				ProcessInitializeOnLoadMethodAttributes (149ms)
				AfterProcessingInitializeOnLoad (11ms)
				EditorAssembliesLoaded (1ms)
			ExecutionOrderSort2 (0ms)
			AwakeInstancesAfterBackupRestoration (18ms)
Platform modules already initialized, skipping
Refreshing native plugins compatible for Editor in 2.31 ms, found 4 plugins.
Preloading 0 native plugins for Editor in 0.00 ms.
Unloading 5295 Unused Serialized files (Serialized files now loaded: 0)
Unloading 55 unused Assets / (1.2 MB). Loaded Objects now: 5861.
Memory consumption went from 206.8 MB to 205.7 MB.
Total: 10.301600 ms (FindLiveObjects: 0.663800 ms CreateObjectMapping: 0.647300 ms MarkObjects: 7.976600 ms  DeleteObjects: 1.011700 ms)

AssetImportParameters requested are different than current active one (requested -> active):
  custom:video-decoder-ogg-theora: a1e56fd34408186e4bbccfd4996cb3dc -> 
  custom:container-muxer-webm: aa71ff27fc2769a1b78a27578f13a17b -> 
  custom:container-demuxer-webm: 4f35f7cbe854078d1ac9338744f61a02 -> 
  custom:video-encoder-webm-vp8: eb34c28f22e8b96e1ab97ce403110664 -> 
  custom:video-codec-MediaFoundation-h265: 746d11721c4dcdbdad8f713fa42b33f4 -> 
  custom:audio-encoder-webm-vorbis: bf7c407c2cedff20999df2af8eb42d56 -> 
  custom:framework-win-MediaFoundation: 216162199b28c13a410421893ffa2e32 -> 
  custom:SearchIndexIgnoredProperties: e643bd26f0fe6173181afceb89e7c659 -> 
  custom:container-demuxer-ogg: 62fdf1f143b41e24485cea50d1cbac27 -> 
  custom:video-decoder-webm-vp8: 9c59270c3fd7afecdb556c50c9e8de78 -> 
  custom:audio-decoder-ogg-vorbis: bf7c407c2cedff20999df2af8eb42d56 -> 
========================================================================
Received Prepare
Registering precompiled user dll's ...
Registered in 0.012977 seconds.
Begin MonoManager ReloadAssembly
Symbol file LoadedFromMemory doesn't match image D:\Unity\Sea-Research\ReSea ReSearch\Library\PackageCache\com.unity.visualscripting@1.7.6\Editor\VisualScripting.Core\Dependencies\YamlDotNet\Unity.VisualScripting.YamlDotNet.dll
Symbol file LoadedFromMemory doesn't match image D:\Unity\Sea-Research\ReSea ReSearch\Library\PackageCache\com.unity.visualscripting@1.7.6\Editor\VisualScripting.Core\Dependencies\DotNetZip\Unity.VisualScripting.IonicZip.dll
Native extension for WindowsStandalone target not found
Refreshing native plugins compatible for Editor in 1.69 ms, found 4 plugins.
Preloading 0 native plugins for Editor in 0.00 ms.
Mono: successfully reloaded assembly
- Completed reload, in  2.344 seconds
Domain Reload Profiling:
	ReloadAssembly (2345ms)
		BeginReloadAssembly (212ms)
			ExecutionOrderSort (0ms)
			DisableScriptedObjects (12ms)
			BackupInstance (0ms)
			ReleaseScriptingObjects (0ms)
			CreateAndSetChildDomain (71ms)
		EndReloadAssembly (1951ms)
			LoadAssemblies (137ms)
			RebuildTransferFunctionScriptingTraits (0ms)
			SetupTypeCache (514ms)
			ReleaseScriptCaches (3ms)
			RebuildScriptCaches (102ms)
			SetupLoadedEditorAssemblies (1071ms)
				LogAssemblyErrors (0ms)
				InitializePlatformSupportModulesInManaged (24ms)
				SetLoadedEditorAssemblies (1ms)
				RefreshPlugins (2ms)
				BeforeProcessingInitializeOnLoad (174ms)
				ProcessInitializeOnLoadAttributes (715ms)
				ProcessInitializeOnLoadMethodAttributes (143ms)
				AfterProcessingInitializeOnLoad (12ms)
				EditorAssembliesLoaded (0ms)
			ExecutionOrderSort2 (0ms)
			AwakeInstancesAfterBackupRestoration (20ms)
Platform modules already initialized, skipping
Refreshing native plugins compatible for Editor in 2.21 ms, found 4 plugins.
Preloading 0 native plugins for Editor in 0.00 ms.
Unloading 5295 Unused Serialized files (Serialized files now loaded: 0)
Unloading 55 unused Assets / (1.2 MB). Loaded Objects now: 5863.
Memory consumption went from 207.0 MB to 205.8 MB.
Total: 12.015700 ms (FindLiveObjects: 0.738700 ms CreateObjectMapping: 0.812600 ms MarkObjects: 9.340300 ms  DeleteObjects: 1.122100 ms)

AssetImportParameters requested are different than current active one (requested -> active):
  custom:video-decoder-ogg-theora: a1e56fd34408186e4bbccfd4996cb3dc -> 
  custom:container-muxer-webm: aa71ff27fc2769a1b78a27578f13a17b -> 
  custom:container-demuxer-webm: 4f35f7cbe854078d1ac9338744f61a02 -> 
  custom:video-encoder-webm-vp8: eb34c28f22e8b96e1ab97ce403110664 -> 
  custom:video-codec-MediaFoundation-h265: 746d11721c4dcdbdad8f713fa42b33f4 -> 
  custom:audio-encoder-webm-vorbis: bf7c407c2cedff20999df2af8eb42d56 -> 
  custom:framework-win-MediaFoundation: 216162199b28c13a410421893ffa2e32 -> 
  custom:SearchIndexIgnoredProperties: e643bd26f0fe6173181afceb89e7c659 -> 
  custom:container-demuxer-ogg: 62fdf1f143b41e24485cea50d1cbac27 -> 
  custom:video-decoder-webm-vp8: 9c59270c3fd7afecdb556c50c9e8de78 -> 
  custom:audio-decoder-ogg-vorbis: bf7c407c2cedff20999df2af8eb42d56 -> 
========================================================================
Received Import Request.
  Time since last request: 132.542116 seconds.
  path: Assets/Art/UI/fade.png
  artifactKey: Guid(c80cff97d60cbba4497407bc3dd6d762) Importer(815301076,1909f56bfc062723c751e8b465ee728b)
Start importing Assets/Art/UI/fade.png using Guid(c80cff97d60cbba4497407bc3dd6d762) Importer(815301076,1909f56bfc062723c751e8b465ee728b)  -> (artifact id: '9f9d5b5662f9037654dc260b0b6106dc') in 0.296799 seconds 
========================================================================
Received Import Request.
  Time since last request: 0.000040 seconds.
  path: Assets/YarnSpinner/Editor/Icons/YarnSpinnerFailed.png
  artifactKey: Guid(76d08d996a288451a9644f52ba7cbf74) Importer(815301076,1909f56bfc062723c751e8b465ee728b)
Start importing Assets/YarnSpinner/Editor/Icons/YarnSpinnerFailed.png using Guid(76d08d996a288451a9644f52ba7cbf74) Importer(815301076,1909f56bfc062723c751e8b465ee728b)  -> (artifact id: 'c7663657611fd0a63143413bade1c248') in 0.040080 seconds 
========================================================================
Received Import Request.
  Time since last request: 0.000037 seconds.
  path: Assets/YarnSpinner/Editor/Icons/YarnSpinnerLogo.png
  artifactKey: Guid(528a6dd601766934abb8b1053bd798ef) Importer(815301076,1909f56bfc062723c751e8b465ee728b)
Start importing Assets/YarnSpinner/Editor/Icons/YarnSpinnerLogo.png using Guid(528a6dd601766934abb8b1053bd798ef) Importer(815301076,1909f56bfc062723c751e8b465ee728b)  -> (artifact id: '692e6b3297fce9fee6d1321626443e8d') in 0.070925 seconds 
========================================================================
Received Import Request.
  Time since last request: 0.000238 seconds.
  path: Assets/Art/UI/loading_screen_sharks.png
  artifactKey: Guid(6ac2195ac69d0954aa2bd3796602e419) Importer(815301076,1909f56bfc062723c751e8b465ee728b)
Start importing Assets/Art/UI/loading_screen_sharks.png using Guid(6ac2195ac69d0954aa2bd3796602e419) Importer(815301076,1909f56bfc062723c751e8b465ee728b)  -> (artifact id: 'cc6782e4de9fb0eedef06e0ab8f08244') in 0.191454 seconds 
========================================================================
Received Prepare
Registering precompiled user dll's ...
Registered in 0.014224 seconds.
Begin MonoManager ReloadAssembly
Symbol file LoadedFromMemory doesn't match image D:\Unity\Sea-Research\ReSea ReSearch\Library\PackageCache\com.unity.visualscripting@1.7.6\Editor\VisualScripting.Core\Dependencies\YamlDotNet\Unity.VisualScripting.YamlDotNet.dll
Symbol file LoadedFromMemory doesn't match image D:\Unity\Sea-Research\ReSea ReSearch\Library\PackageCache\com.unity.visualscripting@1.7.6\Editor\VisualScripting.Core\Dependencies\DotNetZip\Unity.VisualScripting.IonicZip.dll
Native extension for WindowsStandalone target not found
Refreshing native plugins compatible for Editor in 1.56 ms, found 4 plugins.
Preloading 0 native plugins for Editor in 0.00 ms.
Mono: successfully reloaded assembly
- Completed reload, in  2.587 seconds
Domain Reload Profiling:
	ReloadAssembly (2588ms)
		BeginReloadAssembly (219ms)
			ExecutionOrderSort (0ms)
			DisableScriptedObjects (12ms)
			BackupInstance (0ms)
			ReleaseScriptingObjects (0ms)
			CreateAndSetChildDomain (71ms)
		EndReloadAssembly (2149ms)
			LoadAssemblies (147ms)
			RebuildTransferFunctionScriptingTraits (0ms)
			SetupTypeCache (624ms)
			ReleaseScriptCaches (4ms)
			RebuildScriptCaches (107ms)
			SetupLoadedEditorAssemblies (1107ms)
				LogAssemblyErrors (0ms)
				InitializePlatformSupportModulesInManaged (25ms)
				SetLoadedEditorAssemblies (1ms)
				RefreshPlugins (2ms)
				BeforeProcessingInitializeOnLoad (174ms)
				ProcessInitializeOnLoadAttributes (734ms)
				ProcessInitializeOnLoadMethodAttributes (159ms)
				AfterProcessingInitializeOnLoad (13ms)
				EditorAssembliesLoaded (0ms)
			ExecutionOrderSort2 (0ms)
			AwakeInstancesAfterBackupRestoration (33ms)
Platform modules already initialized, skipping
Refreshing native plugins compatible for Editor in 2.78 ms, found 4 plugins.
Preloading 0 native plugins for Editor in 0.00 ms.
Unloading 5299 Unused Serialized files (Serialized files now loaded: 0)
Unloading 55 unused Assets / (1.2 MB). Loaded Objects now: 5938.
Memory consumption went from 214.9 MB to 213.7 MB.
Total: 13.008600 ms (FindLiveObjects: 0.814900 ms CreateObjectMapping: 0.680700 ms MarkObjects: 10.531000 ms  DeleteObjects: 0.979500 ms)

AssetImportParameters requested are different than current active one (requested -> active):
  custom:video-decoder-ogg-theora: a1e56fd34408186e4bbccfd4996cb3dc -> 
  custom:container-muxer-webm: aa71ff27fc2769a1b78a27578f13a17b -> 
  custom:container-demuxer-webm: 4f35f7cbe854078d1ac9338744f61a02 -> 
  custom:video-encoder-webm-vp8: eb34c28f22e8b96e1ab97ce403110664 -> 
  custom:video-codec-MediaFoundation-h265: 746d11721c4dcdbdad8f713fa42b33f4 -> 
  custom:audio-encoder-webm-vorbis: bf7c407c2cedff20999df2af8eb42d56 -> 
  custom:framework-win-MediaFoundation: 216162199b28c13a410421893ffa2e32 -> 
  custom:SearchIndexIgnoredProperties: e643bd26f0fe6173181afceb89e7c659 -> 
  custom:container-demuxer-ogg: 62fdf1f143b41e24485cea50d1cbac27 -> 
  custom:video-decoder-webm-vp8: 9c59270c3fd7afecdb556c50c9e8de78 -> 
  custom:audio-decoder-ogg-vorbis: bf7c407c2cedff20999df2af8eb42d56 -> 
========================================================================
Received Prepare
Registering precompiled user dll's ...
Registered in 0.011810 seconds.
Begin MonoManager ReloadAssembly
Symbol file LoadedFromMemory doesn't match image D:\Unity\Sea-Research\ReSea ReSearch\Library\PackageCache\com.unity.visualscripting@1.7.6\Editor\VisualScripting.Core\Dependencies\YamlDotNet\Unity.VisualScripting.YamlDotNet.dll
Symbol file LoadedFromMemory doesn't match image D:\Unity\Sea-Research\ReSea ReSearch\Library\PackageCache\com.unity.visualscripting@1.7.6\Editor\VisualScripting.Core\Dependencies\DotNetZip\Unity.VisualScripting.IonicZip.dll
Native extension for WindowsStandalone target not found
Refreshing native plugins compatible for Editor in 1.31 ms, found 4 plugins.
Preloading 0 native plugins for Editor in 0.00 ms.
Mono: successfully reloaded assembly
- Completed reload, in  2.180 seconds
Domain Reload Profiling:
	ReloadAssembly (2181ms)
		BeginReloadAssembly (236ms)
			ExecutionOrderSort (0ms)
			DisableScriptedObjects (15ms)
			BackupInstance (0ms)
			ReleaseScriptingObjects (0ms)
			CreateAndSetChildDomain (73ms)
		EndReloadAssembly (1761ms)
			LoadAssemblies (156ms)
			RebuildTransferFunctionScriptingTraits (0ms)
			SetupTypeCache (518ms)
			ReleaseScriptCaches (3ms)
			RebuildScriptCaches (83ms)
			SetupLoadedEditorAssemblies (901ms)
				LogAssemblyErrors (0ms)
				InitializePlatformSupportModulesInManaged (19ms)
				SetLoadedEditorAssemblies (1ms)
				RefreshPlugins (1ms)
				BeforeProcessingInitializeOnLoad (148ms)
				ProcessInitializeOnLoadAttributes (580ms)
				ProcessInitializeOnLoadMethodAttributes (141ms)
				AfterProcessingInitializeOnLoad (10ms)
				EditorAssembliesLoaded (0ms)
			ExecutionOrderSort2 (0ms)
			AwakeInstancesAfterBackupRestoration (30ms)
Platform modules already initialized, skipping
Refreshing native plugins compatible for Editor in 2.74 ms, found 4 plugins.
Preloading 0 native plugins for Editor in 0.00 ms.
Unloading 5295 Unused Serialized files (Serialized files now loaded: 0)
Unloading 55 unused Assets / (1.2 MB). Loaded Objects now: 5940.
Memory consumption went from 214.7 MB to 213.5 MB.
Total: 8.933200 ms (FindLiveObjects: 0.769400 ms CreateObjectMapping: 0.775400 ms MarkObjects: 5.809300 ms  DeleteObjects: 1.577400 ms)

AssetImportParameters requested are different than current active one (requested -> active):
  custom:video-decoder-ogg-theora: a1e56fd34408186e4bbccfd4996cb3dc -> 
  custom:container-muxer-webm: aa71ff27fc2769a1b78a27578f13a17b -> 
  custom:container-demuxer-webm: 4f35f7cbe854078d1ac9338744f61a02 -> 
  custom:video-encoder-webm-vp8: eb34c28f22e8b96e1ab97ce403110664 -> 
  custom:video-codec-MediaFoundation-h265: 746d11721c4dcdbdad8f713fa42b33f4 -> 
  custom:audio-encoder-webm-vorbis: bf7c407c2cedff20999df2af8eb42d56 -> 
  custom:framework-win-MediaFoundation: 216162199b28c13a410421893ffa2e32 -> 
  custom:SearchIndexIgnoredProperties: e643bd26f0fe6173181afceb89e7c659 -> 
  custom:container-demuxer-ogg: 62fdf1f143b41e24485cea50d1cbac27 -> 
  custom:video-decoder-webm-vp8: 9c59270c3fd7afecdb556c50c9e8de78 -> 
  custom:audio-decoder-ogg-vorbis: bf7c407c2cedff20999df2af8eb42d56 -> 
========================================================================
Received Prepare
Registering precompiled user dll's ...
Registered in 0.011686 seconds.
Begin MonoManager ReloadAssembly
Symbol file LoadedFromMemory doesn't match image D:\Unity\Sea-Research\ReSea ReSearch\Library\PackageCache\com.unity.visualscripting@1.7.6\Editor\VisualScripting.Core\Dependencies\YamlDotNet\Unity.VisualScripting.YamlDotNet.dll
Symbol file LoadedFromMemory doesn't match image D:\Unity\Sea-Research\ReSea ReSearch\Library\PackageCache\com.unity.visualscripting@1.7.6\Editor\VisualScripting.Core\Dependencies\DotNetZip\Unity.VisualScripting.IonicZip.dll
Native extension for WindowsStandalone target not found
Refreshing native plugins compatible for Editor in 1.54 ms, found 4 plugins.
Preloading 0 native plugins for Editor in 0.00 ms.
Mono: successfully reloaded assembly
- Completed reload, in  2.463 seconds
Domain Reload Profiling:
	ReloadAssembly (2464ms)
		BeginReloadAssembly (247ms)
			ExecutionOrderSort (0ms)
			DisableScriptedObjects (16ms)
			BackupInstance (0ms)
			ReleaseScriptingObjects (0ms)
			CreateAndSetChildDomain (91ms)
		EndReloadAssembly (2054ms)
			LoadAssemblies (147ms)
			RebuildTransferFunctionScriptingTraits (0ms)
			SetupTypeCache (604ms)
			ReleaseScriptCaches (3ms)
			RebuildScriptCaches (111ms)
			SetupLoadedEditorAssemblies (1052ms)
				LogAssemblyErrors (0ms)
				InitializePlatformSupportModulesInManaged (22ms)
				SetLoadedEditorAssemblies (1ms)
				RefreshPlugins (2ms)
				BeforeProcessingInitializeOnLoad (167ms)
				ProcessInitializeOnLoadAttributes (690ms)
				ProcessInitializeOnLoadMethodAttributes (157ms)
				AfterProcessingInitializeOnLoad (13ms)
				EditorAssembliesLoaded (0ms)
			ExecutionOrderSort2 (0ms)
			AwakeInstancesAfterBackupRestoration (30ms)
Platform modules already initialized, skipping
Refreshing native plugins compatible for Editor in 2.59 ms, found 4 plugins.
Preloading 0 native plugins for Editor in 0.00 ms.
Unloading 5295 Unused Serialized files (Serialized files now loaded: 0)
Unloading 55 unused Assets / (1.2 MB). Loaded Objects now: 5942.
Memory consumption went from 214.7 MB to 213.5 MB.
Total: 11.321800 ms (FindLiveObjects: 0.870100 ms CreateObjectMapping: 0.693000 ms MarkObjects: 8.697600 ms  DeleteObjects: 1.059100 ms)

AssetImportParameters requested are different than current active one (requested -> active):
  custom:video-decoder-ogg-theora: a1e56fd34408186e4bbccfd4996cb3dc -> 
  custom:container-muxer-webm: aa71ff27fc2769a1b78a27578f13a17b -> 
  custom:container-demuxer-webm: 4f35f7cbe854078d1ac9338744f61a02 -> 
  custom:video-encoder-webm-vp8: eb34c28f22e8b96e1ab97ce403110664 -> 
  custom:video-codec-MediaFoundation-h265: 746d11721c4dcdbdad8f713fa42b33f4 -> 
  custom:audio-encoder-webm-vorbis: bf7c407c2cedff20999df2af8eb42d56 -> 
  custom:framework-win-MediaFoundation: 216162199b28c13a410421893ffa2e32 -> 
  custom:SearchIndexIgnoredProperties: e643bd26f0fe6173181afceb89e7c659 -> 
  custom:container-demuxer-ogg: 62fdf1f143b41e24485cea50d1cbac27 -> 
  custom:video-decoder-webm-vp8: 9c59270c3fd7afecdb556c50c9e8de78 -> 
  custom:audio-decoder-ogg-vorbis: bf7c407c2cedff20999df2af8eb42d56 -> 
========================================================================
Received Prepare
Registering precompiled user dll's ...
Registered in 0.015601 seconds.
Begin MonoManager ReloadAssembly
Symbol file LoadedFromMemory doesn't match image D:\Unity\Sea-Research\ReSea ReSearch\Library\PackageCache\com.unity.visualscripting@1.7.6\Editor\VisualScripting.Core\Dependencies\YamlDotNet\Unity.VisualScripting.YamlDotNet.dll
Symbol file LoadedFromMemory doesn't match image D:\Unity\Sea-Research\ReSea ReSearch\Library\PackageCache\com.unity.visualscripting@1.7.6\Editor\VisualScripting.Core\Dependencies\DotNetZip\Unity.VisualScripting.IonicZip.dll
Native extension for WindowsStandalone target not found
Refreshing native plugins compatible for Editor in 1.46 ms, found 4 plugins.
Preloading 0 native plugins for Editor in 0.00 ms.
Mono: successfully reloaded assembly
- Completed reload, in  2.273 seconds
Domain Reload Profiling:
	ReloadAssembly (2275ms)
		BeginReloadAssembly (260ms)
			ExecutionOrderSort (0ms)
			DisableScriptedObjects (15ms)
			BackupInstance (0ms)
			ReleaseScriptingObjects (0ms)
			CreateAndSetChildDomain (76ms)
		EndReloadAssembly (1826ms)
			LoadAssemblies (171ms)
			RebuildTransferFunctionScriptingTraits (0ms)
			SetupTypeCache (510ms)
			ReleaseScriptCaches (3ms)
			RebuildScriptCaches (83ms)
			SetupLoadedEditorAssemblies (957ms)
				LogAssemblyErrors (0ms)
				InitializePlatformSupportModulesInManaged (20ms)
				SetLoadedEditorAssemblies (1ms)
				RefreshPlugins (2ms)
				BeforeProcessingInitializeOnLoad (148ms)
				ProcessInitializeOnLoadAttributes (626ms)
				ProcessInitializeOnLoadMethodAttributes (150ms)
				AfterProcessingInitializeOnLoad (10ms)
				EditorAssembliesLoaded (0ms)
			ExecutionOrderSort2 (0ms)
			AwakeInstancesAfterBackupRestoration (25ms)
Platform modules already initialized, skipping
Refreshing native plugins compatible for Editor in 2.59 ms, found 4 plugins.
Preloading 0 native plugins for Editor in 0.00 ms.
Unloading 5295 Unused Serialized files (Serialized files now loaded: 0)
Unloading 55 unused Assets / (1.2 MB). Loaded Objects now: 5944.
Memory consumption went from 215.5 MB to 214.3 MB.
Total: 8.211700 ms (FindLiveObjects: 0.941700 ms CreateObjectMapping: 0.821100 ms MarkObjects: 5.642800 ms  DeleteObjects: 0.804500 ms)

AssetImportParameters requested are different than current active one (requested -> active):
  custom:video-decoder-ogg-theora: a1e56fd34408186e4bbccfd4996cb3dc -> 
  custom:container-muxer-webm: aa71ff27fc2769a1b78a27578f13a17b -> 
  custom:container-demuxer-webm: 4f35f7cbe854078d1ac9338744f61a02 -> 
  custom:video-encoder-webm-vp8: eb34c28f22e8b96e1ab97ce403110664 -> 
  custom:video-codec-MediaFoundation-h265: 746d11721c4dcdbdad8f713fa42b33f4 -> 
  custom:audio-encoder-webm-vorbis: bf7c407c2cedff20999df2af8eb42d56 -> 
  custom:framework-win-MediaFoundation: 216162199b28c13a410421893ffa2e32 -> 
  custom:SearchIndexIgnoredProperties: e643bd26f0fe6173181afceb89e7c659 -> 
  custom:container-demuxer-ogg: 62fdf1f143b41e24485cea50d1cbac27 -> 
  custom:video-decoder-webm-vp8: 9c59270c3fd7afecdb556c50c9e8de78 -> 
  custom:audio-decoder-ogg-vorbis: bf7c407c2cedff20999df2af8eb42d56 -> 
========================================================================
Received Import Request.
  Time since last request: 237.099614 seconds.
  path: Assets/Prefabs/Dialogue.prefab
  artifactKey: Guid(b888084326f7f074a8027701525b061b) Importer(815301076,1909f56bfc062723c751e8b465ee728b)
Start importing Assets/Prefabs/Dialogue.prefab using Guid(b888084326f7f074a8027701525b061b) Importer(815301076,1909f56bfc062723c751e8b465ee728b)  -> (artifact id: '616cc788bc87d245e2cf7f6aab878976') in 0.072346 seconds 
========================================================================
Received Import Request.
  Time since last request: 2535.252741 seconds.
  path: Assets/Scenes/TestingScenes
  artifactKey: Guid(8b2e2599352ae7c41a18c45e9e4e19aa) Importer(815301076,1909f56bfc062723c751e8b465ee728b)
Start importing Assets/Scenes/TestingScenes using Guid(8b2e2599352ae7c41a18c45e9e4e19aa) Importer(815301076,1909f56bfc062723c751e8b465ee728b)  -> (artifact id: '47a323fea335c4847fc429dc973ee2a3') in 0.013380 seconds 
